# JRE version: Java(TM) SE Runtime Environment (8.0_121-b13) (build 1.8.0_121-b13)
# Java VM: Java HotSpot(TM) 64-Bit Server VM (25.121-b13 mixed mode windows-amd64 compressed oops)
Heap:
 PSYoungGen      total 262656K, used 65309K [0x00000000e0000000, 0x00000000f3f80000, 0x0000000100000000)
  eden space 207360K, 10% used [0x00000000e0000000,0x00000000e147b278,0x00000000eca80000)
  from space 55296K, 80% used [0x00000000f0580000,0x00000000f30cc4c8,0x00000000f3b80000)
  to   space 59904K, 0% used [0x00000000eca80000,0x00000000eca80000,0x00000000f0500000)
 ParOldGen       total 166400K, used 90818K [0x00000000a0000000, 0x00000000aa280000, 0x00000000e0000000)
  object space 166400K, 54% used [0x00000000a0000000,0x00000000a58b0ab8,0x00000000aa280000)
 Metaspace       used 73499K, capacity 77496K, committed 77656K, reserved 1116160K
  class space    used 9582K, capacity 10264K, committed 10368K, reserved 1048576K
GC Heap History (10 events):
Event: 1221.553 GC heap before
{Heap before GC invocations=19 (full 3):
 PSYoungGen      total 218624K, used 218621K [0x00000000e0000000, 0x00000000f0d00000, 0x0000000100000000)
  eden space 194560K, 100% used [0x00000000e0000000,0x00000000ebe00000,0x00000000ebe00000)
  from space 24064K, 99% used [0x00000000ee600000,0x00000000efd7f7a8,0x00000000efd80000)
  to   space 15872K, 0% used [0x00000000efd80000,0x00000000efd80000,0x00000000f0d00000)
 ParOldGen       total 166400K, used 51533K [0x00000000a0000000, 0x00000000aa280000, 0x00000000e0000000)
  object space 166400K, 30% used [0x00000000a0000000,0x00000000a3253668,0x00000000aa280000)
 Metaspace       used 71759K, capacity 75226K, committed 75352K, reserved 1114112K
  class space    used 9470K, capacity 10086K, committed 10112K, reserved 1048576K
Event: 1221.647 GC heap after
Heap after GC invocations=19 (full 3):
 PSYoungGen      total 204288K, used 15845K [0x00000000e0000000, 0x00000000f0d00000, 0x0000000100000000)
  eden space 188416K, 0% used [0x00000000e0000000,0x00000000e0000000,0x00000000eb800000)
  from space 15872K, 99% used [0x00000000efd80000,0x00000000f0cf9750,0x00000000f0d00000)
  to   space 41984K, 0% used [0x00000000ebb00000,0x00000000ebb00000,0x00000000ee400000)
 ParOldGen       total 166400K, used 88595K [0x00000000a0000000, 0x00000000aa280000, 0x00000000e0000000)
  object space 166400K, 53% used [0x00000000a0000000,0x00000000a5684c08,0x00000000aa280000)
 Metaspace       used 71759K, capacity 75226K, committed 75352K, reserved 1114112K
  class space    used 9470K, capacity 10086K, committed 10112K, reserved 1048576K
}
Event: 1599.284 GC heap before
{Heap before GC invocations=20 (full 3):
 PSYoungGen      total 204288K, used 204261K [0x00000000e0000000, 0x00000000f0d00000, 0x0000000100000000)
  eden space 188416K, 100% used [0x00000000e0000000,0x00000000eb800000,0x00000000eb800000)
  from space 15872K, 99% used [0x00000000efd80000,0x00000000f0cf9750,0x00000000f0d00000)
  to   space 41984K, 0% used [0x00000000ebb00000,0x00000000ebb00000,0x00000000ee400000)
 ParOldGen       total 166400K, used 88595K [0x00000000a0000000, 0x00000000aa280000, 0x00000000e0000000)
  object space 166400K, 53% used [0x00000000a0000000,0x00000000a5684c08,0x00000000aa280000)
 Metaspace       used 72472K, capacity 76062K, committed 76248K, reserved 1116160K
  class space    used 9520K, capacity 10162K, committed 10240K, reserved 1048576K
Event: 1599.328 GC heap after
Heap after GC invocations=20 (full 3):
 PSYoungGen      total 208384K, used 25162K [0x00000000e0000000, 0x00000000f0580000, 0x0000000100000000)
  eden space 182784K, 0% used [0x00000000e0000000,0x00000000e0000000,0x00000000eb280000)
  from space 25600K, 98% used [0x00000000ebb00000,0x00000000ed3928c8,0x00000000ed400000)
  to   space 42496K, 0% used [0x00000000edc00000,0x00000000edc00000,0x00000000f0580000)
 ParOldGen       total 166400K, used 88603K [0x00000000a0000000, 0x00000000aa280000, 0x00000000e0000000)
  object space 166400K, 53% used [0x00000000a0000000,0x00000000a5686c08,0x00000000aa280000)
 Metaspace       used 72472K, capacity 76062K, committed 76248K, reserved 1116160K
  class space    used 9520K, capacity 10162K, committed 10240K, reserved 1048576K
}
Event: 1602.515 GC heap before
{Heap before GC invocations=21 (full 3):
 PSYoungGen      total 208384K, used 207946K [0x00000000e0000000, 0x00000000f0580000, 0x0000000100000000)
  eden space 182784K, 100% used [0x00000000e0000000,0x00000000eb280000,0x00000000eb280000)
  from space 25600K, 98% used [0x00000000ebb00000,0x00000000ed3928c8,0x00000000ed400000)
  to   space 42496K, 0% used [0x00000000edc00000,0x00000000edc00000,0x00000000f0580000)
 ParOldGen       total 166400K, used 88603K [0x00000000a0000000, 0x00000000aa280000, 0x00000000e0000000)
  object space 166400K, 53% used [0x00000000a0000000,0x00000000a5686c08,0x00000000aa280000)
 Metaspace       used 72861K, capacity 76400K, committed 76504K, reserved 1116160K
  class space    used 9522K, capacity 10165K, committed 10240K, reserved 1048576K
Event: 1602.580 GC heap after
Heap after GC invocations=21 (full 3):
 PSYoungGen      total 217600K, used 42487K [0x00000000e0000000, 0x00000000f2e80000, 0x0000000100000000)
  eden space 175104K, 0% used [0x00000000e0000000,0x00000000e0000000,0x00000000eab00000)
  from space 42496K, 99% used [0x00000000edc00000,0x00000000f057ddf8,0x00000000f0580000)
  to   space 50176K, 0% used [0x00000000eab00000,0x00000000eab00000,0x00000000edc00000)
 ParOldGen       total 166400K, used 90450K [0x00000000a0000000, 0x00000000aa280000, 0x00000000e0000000)
  object space 166400K, 54% used [0x00000000a0000000,0x00000000a5854ab8,0x00000000aa280000)
 Metaspace       used 72861K, capacity 76400K, committed 76504K, reserved 1116160K
  class space    used 9522K, capacity 10165K, committed 10240K, reserved 1048576K
}
Event: 1604.014 GC heap before
{Heap before GC invocations=22 (full 3):
 PSYoungGen      total 217600K, used 217591K [0x00000000e0000000, 0x00000000f2e80000, 0x0000000100000000)
  eden space 175104K, 100% used [0x00000000e0000000,0x00000000eab00000,0x00000000eab00000)
  from space 42496K, 99% used [0x00000000edc00000,0x00000000f057ddf8,0x00000000f0580000)
  to   space 50176K, 0% used [0x00000000eab00000,0x00000000eab00000,0x00000000edc00000)
 ParOldGen       total 166400K, used 90450K [0x00000000a0000000, 0x00000000aa280000, 0x00000000e0000000)
  object space 166400K, 54% used [0x00000000a0000000,0x00000000a5854ab8,0x00000000aa280000)
 Metaspace       used 72978K, capacity 76470K, committed 76760K, reserved 1116160K
  class space    used 9524K, capacity 10166K, committed 10240K, reserved 1048576K
Event: 1604.085 GC heap after
Heap after GC invocations=22 (full 3):
 PSYoungGen      total 225280K, used 43015K [0x00000000e0000000, 0x00000000f3b80000, 0x0000000100000000)
  eden space 175104K, 0% used [0x00000000e0000000,0x00000000e0000000,0x00000000eab00000)
  from space 50176K, 85% used [0x00000000eab00000,0x00000000ed501c10,0x00000000edc00000)
  to   space 55296K, 0% used [0x00000000f0580000,0x00000000f0580000,0x00000000f3b80000)
 ParOldGen       total 166400K, used 90450K [0x00000000a0000000, 0x00000000aa280000, 0x00000000e0000000)
  object space 166400K, 54% used [0x00000000a0000000,0x00000000a5854ab8,0x00000000aa280000)
 Metaspace       used 72978K, capacity 76470K, committed 76760K, reserved 1116160K
  class space    used 9524K, capacity 10166K, committed 10240K, reserved 1048576K
}
Event: 2922.151 GC heap before
{Heap before GC invocations=23 (full 3):
 PSYoungGen      total 225280K, used 218119K [0x00000000e0000000, 0x00000000f3b80000, 0x0000000100000000)
  eden space 175104K, 100% used [0x00000000e0000000,0x00000000eab00000,0x00000000eab00000)
  from space 50176K, 85% used [0x00000000eab00000,0x00000000ed501c10,0x00000000edc00000)
  to   space 55296K, 0% used [0x00000000f0580000,0x00000000f0580000,0x00000000f3b80000)
 ParOldGen       total 166400K, used 90450K [0x00000000a0000000, 0x00000000aa280000, 0x00000000e0000000)
  object space 166400K, 54% used [0x00000000a0000000,0x00000000a5854ab8,0x00000000aa280000)
 Metaspace       used 73412K, capacity 77396K, committed 77656K, reserved 1116160K
  class space    used 9579K, capacity 10259K, committed 10368K, reserved 1048576K
Event: 2922.220 GC heap after
Heap after GC invocations=23 (full 3):
 PSYoungGen      total 262656K, used 44337K [0x00000000e0000000, 0x00000000f3f80000, 0x0000000100000000)
  eden space 207360K, 0% used [0x00000000e0000000,0x00000000e0000000,0x00000000eca80000)
  from space 55296K, 80% used [0x00000000f0580000,0x00000000f30cc4c8,0x00000000f3b80000)
  to   space 59904K, 0% used [0x00000000eca80000,0x00000000eca80000,0x00000000f0500000)
 ParOldGen       total 166400K, used 90818K [0x00000000a0000000, 0x00000000aa280000, 0x00000000e0000000)
  object space 166400K, 54% used [0x00000000a0000000,0x00000000a58b0ab8,0x00000000aa280000)
 Metaspace       used 73412K, capacity 77396K, committed 77656K, reserved 1116160K
  class space    used 9579K, capacity 10259K, committed 10368K, reserved 1048576K
}

